Build started 2015-03-23 15:32:36.
     1>Project "S:\Users\Shagg\Desktop\POLITECHNIKA\pd infa\sem II\3\ZadanieDomowe_3\ZadanieDomowe_3\ZadanieDomowe_3.vcxproj" on node 2 (Build target(s)).
     1>ClCompile:
         S:\Program Files (x86)\Microsoft Visual Studio 12.0\VC\bin\CL.exe /c /I"S:\Program Files\Common Files\MSVC\freeglut\include" /ZI /nologo /W3 /WX- /Od /Oy- /D WIN32 /D _DEBUG /D _CONSOLE /D _LIB /D _UNICODE /D UNICODE /Gm /EHsc /RTC1 /MDd /GS /fp:precise /Zc:wchar_t /Zc:forScope /Fo"Debug\\" /Fd"Debug\vc120.pdb" /Gd /TP /analyze- /errorReport:prompt freeglut.cpp
         freeglut.cpp
     1>s:\users\shagg\desktop\politechnika\pd infa\sem ii\3\zadaniedomowe_3\zadaniedomowe_3\freeglut.cpp(111): warning C4305: 'initializing' : truncation from 'double' to 'float'
     1>s:\users\shagg\desktop\politechnika\pd infa\sem ii\3\zadaniedomowe_3\zadaniedomowe_3\freeglut.cpp(164): warning C4305: 'initializing' : truncation from 'double' to 'float'
     1>s:\users\shagg\desktop\politechnika\pd infa\sem ii\3\zadaniedomowe_3\zadaniedomowe_3\freeglut.cpp(198): warning C4305: '+=' : truncation from 'double' to 'float'
     1>s:\users\shagg\desktop\politechnika\pd infa\sem ii\3\zadaniedomowe_3\zadaniedomowe_3\freeglut.cpp(203): warning C4305: '-=' : truncation from 'double' to 'float'
     1>s:\users\shagg\desktop\politechnika\pd infa\sem ii\3\zadaniedomowe_3\zadaniedomowe_3\freeglut.cpp(208): warning C4305: '-=' : truncation from 'double' to 'float'
     1>s:\users\shagg\desktop\politechnika\pd infa\sem ii\3\zadaniedomowe_3\zadaniedomowe_3\freeglut.cpp(212): warning C4305: '+=' : truncation from 'double' to 'float'
     1>s:\users\shagg\desktop\politechnika\pd infa\sem ii\3\zadaniedomowe_3\zadaniedomowe_3\freeglut.cpp(253): warning C4305: '=' : truncation from 'double' to 'float'
     1>s:\users\shagg\desktop\politechnika\pd infa\sem ii\3\zadaniedomowe_3\zadaniedomowe_3\freeglut.cpp(254): warning C4305: '=' : truncation from 'double' to 'float'
       Link:
         S:\Program Files (x86)\Microsoft Visual Studio 12.0\VC\bin\link.exe /ERRORREPORT:PROMPT /OUT:"S:\Users\Shagg\Desktop\POLITECHNIKA\pd infa\sem II\3\ZadanieDomowe_3\Debug\ZadanieDomowe_3.exe" /INCREMENTAL /NOLOGO /LIBPATH:"S:\Program Files\Common Files\MSVC\freeglut\lib" kernel32.lib user32.lib gdi32.lib winspool.lib comdlg32.lib advapi32.lib shell32.lib ole32.lib oleaut32.lib uuid.lib odbc32.lib odbccp32.lib /MANIFEST /MANIFESTUAC:"level='asInvoker' uiAccess='false'" /manifest:embed /DEBUG /PDB:"S:\Users\Shagg\Desktop\POLITECHNIKA\pd infa\sem II\3\ZadanieDomowe_3\Debug\ZadanieDomowe_3.pdb" /SUBSYSTEM:CONSOLE /TLBID:1 /DYNAMICBASE /NXCOMPAT /IMPLIB:"S:\Users\Shagg\Desktop\POLITECHNIKA\pd infa\sem II\3\ZadanieDomowe_3\Debug\ZadanieDomowe_3.lib" /MACHINE:X86 Debug\C_FIGURA.obj
         Debug\freeglut.obj
         Debug\Source.obj
         ZadanieDomowe_3.vcxproj -> S:\Users\Shagg\Desktop\POLITECHNIKA\pd infa\sem II\3\ZadanieDomowe_3\Debug\ZadanieDomowe_3.exe
     1>Done Building Project "S:\Users\Shagg\Desktop\POLITECHNIKA\pd infa\sem II\3\ZadanieDomowe_3\ZadanieDomowe_3\ZadanieDomowe_3.vcxproj" (Build target(s)).

Build succeeded.

Time Elapsed 00:00:00.92
